<?xml version="1.0" encoding="UTF-8"?>
<!-- Generated by org.testng.reporters.JUnitXMLReporter -->
<testsuite hostname="WangQiang-PC" name="testGroup" tests="4" failures="0" timestamp="18 Oct 2015 16:52:23 GMT" time="0.012" errors="0">
  <testcase name="test1_0" time="0.001" classname="wq.autotest.TestByNG"/>
  <testcase name="test2_1" time="0.001" classname="wq.autotest.TestByNG"/>
  <testcase name="test1_1" time="0.001" classname="wq.autotest.TestByNG"/>
  <testcase name="test2_0" time="0.001" classname="wq.autotest.TestByNG"/>
</testsuite> <!-- testGroup -->
