<?xml version="1.0" encoding="UTF-8"?>
<testng-results skipped="0" failed="0" total="7" passed="7">
  <reporter-output>
  </reporter-output>
  <suite name="autotest by groups" duration-ms="53" started-at="2015-10-18T17:12:51Z" finished-at="2015-10-18T17:12:51Z">
    <groups>
      <group name="tests1">
        <method signature="TestByNG.test1_0()[pri:0, instance:wq.autotest.TestByNG@17be72ee]" name="test1_0" class="wq.autotest.TestByNG"/>
        <method signature="TestByNG.test1_1()[pri:0, instance:wq.autotest.TestByNG@17be72ee]" name="test1_1" class="wq.autotest.TestByNG"/>
      </group> <!-- tests1 -->
      <group name="tests2">
        <method signature="TestByNG.test2_1()[pri:0, instance:wq.autotest.TestByNG@17be72ee]" name="test2_1" class="wq.autotest.TestByNG"/>
        <method signature="TestByNG.test2_0()[pri:0, instance:wq.autotest.TestByNG@17be72ee]" name="test2_0" class="wq.autotest.TestByNG"/>
      </group> <!-- tests2 -->
      <group name="testParam">
        <method signature="TestByNG.testParam(java.lang.String, java.lang.String)[pri:0, instance:wq.autotest.TestByNG@17be72ee]" name="testParam" class="wq.autotest.TestByNG"/>
      </group> <!-- testParam -->
    </groups>
    <test name="GRP-tests1,tests2,testParam" duration-ms="53" started-at="2015-10-18T17:12:51Z" finished-at="2015-10-18T17:12:51Z">
      <class name="wq.autotest.TestByNG">
        <test-method status="PASS" signature="test1_0()[pri:0, instance:wq.autotest.TestByNG@17be72ee]" name="test1_0" duration-ms="13" started-at="2015-10-19T01:12:51Z" finished-at="2015-10-19T01:12:51Z">
          <reporter-output>
          </reporter-output>
        </test-method> <!-- test1_0 -->
        <test-method status="PASS" signature="test2_1()[pri:0, instance:wq.autotest.TestByNG@17be72ee]" name="test2_1" duration-ms="1" started-at="2015-10-19T01:12:51Z" finished-at="2015-10-19T01:12:51Z">
          <reporter-output>
          </reporter-output>
        </test-method> <!-- test2_1 -->
        <test-method status="PASS" signature="testParam(java.lang.String, java.lang.String)[pri:0, instance:wq.autotest.TestByNG@17be72ee]" name="testParam" duration-ms="1" started-at="2015-10-19T01:12:51Z" data-provider="testParam" finished-at="2015-10-19T01:12:51Z">
          <params>
            <param index="0">
              <value>
                <![CDATA[aa]]>
              </value>
            </param>
            <param index="1">
              <value>
                <![CDATA[bb]]>
              </value>
            </param>
          </params>
          <reporter-output>
          </reporter-output>
        </test-method> <!-- testParam -->
        <test-method status="PASS" signature="testParam(java.lang.String, java.lang.String)[pri:0, instance:wq.autotest.TestByNG@17be72ee]" name="testParam" duration-ms="1" started-at="2015-10-19T01:12:51Z" data-provider="testParam" finished-at="2015-10-19T01:12:51Z">
          <params>
            <param index="0">
              <value>
                <![CDATA[cc]]>
              </value>
            </param>
            <param index="1">
              <value>
                <![CDATA[dd]]>
              </value>
            </param>
          </params>
          <reporter-output>
          </reporter-output>
        </test-method> <!-- testParam -->
        <test-method status="PASS" signature="testParam(java.lang.String, java.lang.String)[pri:0, instance:wq.autotest.TestByNG@17be72ee]" name="testParam" duration-ms="2" started-at="2015-10-19T01:12:51Z" data-provider="testParam" finished-at="2015-10-19T01:12:51Z">
          <params>
            <param index="0">
              <value>
                <![CDATA[ee]]>
              </value>
            </param>
            <param index="1">
              <value>
                <![CDATA[ff]]>
              </value>
            </param>
          </params>
          <reporter-output>
          </reporter-output>
        </test-method> <!-- testParam -->
        <test-method status="PASS" signature="test1_1()[pri:0, instance:wq.autotest.TestByNG@17be72ee]" name="test1_1" duration-ms="1" started-at="2015-10-19T01:12:51Z" depends-on-methods="wq.autotest.TestByNG.test1_0" finished-at="2015-10-19T01:12:51Z">
          <reporter-output>
          </reporter-output>
        </test-method> <!-- test1_1 -->
        <test-method status="PASS" signature="test2_0()[pri:0, instance:wq.autotest.TestByNG@17be72ee]" name="test2_0" duration-ms="1" started-at="2015-10-19T01:12:51Z" depends-on-methods="wq.autotest.TestByNG.test2_1, wq.autotest.TestByNG.test1_1" finished-at="2015-10-19T01:12:51Z">
          <reporter-output>
          </reporter-output>
        </test-method> <!-- test2_0 -->
      </class> <!-- wq.autotest.TestByNG -->
    </test> <!-- GRP-tests1,tests2,testParam -->
  </suite> <!-- autotest by groups -->
</testng-results>
