<?xml version="1.0" encoding="UTF-8"?>
<!-- Generated by org.testng.reporters.JUnitXMLReporter -->
<testsuite hostname="WangQiang-PC" name="GRP-tests1,tests2,testParam" tests="7" failures="0" timestamp="18 Oct 2015 17:12:51 GMT" time="0.053" errors="0">
  <testcase name="test1_0" time="0.013" classname="wq.autotest.TestByNG"/>
  <testcase name="test2_1" time="0.001" classname="wq.autotest.TestByNG"/>
  <testcase name="testParam" time="0.001" classname="wq.autotest.TestByNG"/>
  <testcase name="testParam" time="0.001" classname="wq.autotest.TestByNG"/>
  <testcase name="testParam" time="0.002" classname="wq.autotest.TestByNG"/>
  <testcase name="test1_1" time="0.001" classname="wq.autotest.TestByNG"/>
  <testcase name="test2_0" time="0.001" classname="wq.autotest.TestByNG"/>
</testsuite> <!-- GRP-tests1,tests2,testParam -->
